## List of exceptions
biombo
miasma
confianza
arrier
ferrovial
hiato
anual
acuos
santuario
cruel
tiara
maniobra
diálogo
boquianch
diablo
triángulo
cliente
trienio
dieciocho
truhán
guion
guión
Sión
veintiocho
bienio
prior
fianza
#piano
crianza
#gorrión
jesuita
#huida
fortuito
diurno
diar
diac
fia
######
#biombo
#miasma
arieɾ
ferobial
iato
#anual
akuos
santuaɾio
cɾuel
tiaɾa
maniobɾa
#diálogo
bokiantʃ
#diablo
tɾiángulo
kliente
tɾienio
iotʃo
tɾuán
gion
gión
sión
#bienio
pɾioɾ
ianθa
#piano
#gorrión
xesuita
uida
foɾtuito
diuɾno
diaɾ
diak
#fia
